生成启动时间为 2015/12/17 14:26:48。
     1>项目“D:\Coding\inspire\build\net\net.vcxproj”在节点 2 上(Build 个目标)。
     1>ClCompile:
         C:\Program Files (x86)\Microsoft Visual Studio 14.0\VC\bin\CL.exe /c /ZI /nologo /W3 /WX- /sdl /Od /Oy- /D WIN32 /D _DEBUG /D _CONSOLE /D _UNICODE /D UNICODE /Gm /EHsc /RTC1 /MDd /GS /fp:precise /Zc:wchar_t /Zc:forScope /Zc:inline /Fo"Debug\\" /Fd"Debug\vc140.pdb" /Gd /TP /analyze- /errorReport:prompt ..\..\inspire\logger\base.cpp ..\..\inspire\logger\writer.cpp ..\..\inspire\net\async\asyncconnection.cpp ..\..\inspire\net\async\ioservice.cpp ..\..\inspire\net\connection.cpp ..\..\inspire\net\nistream.cpp ..\..\inspire\net\nostream.cpp ..\..\inspire\net\reactor.cpp ..\..\inspire\net\service.cpp ..\..\inspire\net\serviceMgr.cpp ..\..\inspire\net\session.cpp ..\..\inspire\net\tcpconnection.cpp ..\..\inspire\thread\task\thdTaskMgr.cpp ..\..\inspire\thread\thdMgr.cpp ..\..\inspire\thread\thread.cpp
         thread.cpp
     1>d:\coding\inspire\inspire\util\system\util.h(10): fatal error C1083: 无法打开包括文件: “unistd.h”: No such file or directory
         thdMgr.cpp
     1>d:\coding\inspire\inspire\util\system\mutex.h(7): fatal error C1083: 无法打开包括文件: “pthread.h”: No such file or directory
         thdTaskMgr.cpp
     1>d:\coding\inspire\inspire\util\system\mutex.h(7): fatal error C1083: 无法打开包括文件: “pthread.h”: No such file or directory
         tcpconnection.cpp
     1>d:\coding\inspire\inspire\net\tcpconnection.h(4): fatal error C1083: 无法打开包括文件: “inspire.h”: No such file or directory
         session.cpp
     1>d:\coding\inspire\inspire\net\async\async.h(4): fatal error C1083: 无法打开包括文件: “inspire.h”: No such file or directory
         serviceMgr.cpp
     1>d:\coding\inspire\inspire\net\servicemgr.h(4): fatal error C1083: 无法打开包括文件: “inspire.h”: No such file or directory
         service.cpp
     1>d:\coding\inspire\inspire\net\service.h(4): fatal error C1083: 无法打开包括文件: “inspire.h”: No such file or directory
         reactor.cpp
     1>d:\coding\inspire\inspire\net\reactor.h(4): fatal error C1083: 无法打开包括文件: “inspire.h”: No such file or directory
         nostream.cpp
     1>d:\coding\inspire\inspire\net\nostream.h(4): fatal error C1083: 无法打开包括文件: “baseStream.h”: No such file or directory
         nistream.cpp
     1>d:\coding\inspire\inspire\net\nistream.h(4): fatal error C1083: 无法打开包括文件: “baseStream.h”: No such file or directory
         connection.cpp
     1>d:\coding\inspire\inspire\net\tcpconnection.h(4): fatal error C1083: 无法打开包括文件: “inspire.h”: No such file or directory
         ioservice.cpp
     1>d:\coding\inspire\inspire\net\async\ioservice.h(4): fatal error C1083: 无法打开包括文件: “inspire.h”: No such file or directory
         asyncconnection.cpp
     1>d:\coding\inspire\inspire\net\async\async.h(4): fatal error C1083: 无法打开包括文件: “inspire.h”: No such file or directory
         writer.cpp
     1>d:\coding\inspire\inspire\util\system\util.h(10): fatal error C1083: 无法打开包括文件: “unistd.h”: No such file or directory
         base.cpp
     1>d:\coding\inspire\inspire\util\system\util.h(10): fatal error C1083: 无法打开包括文件: “unistd.h”: No such file or directory
         正在生成代码...
     1>已完成生成项目“D:\Coding\inspire\build\net\net.vcxproj”(Build 个目标)的操作 - 失败。

生成失败。

已用时间 00:00:04.08
